root@ledger:/home/john# go run vwap.go | tee sample_run
{"type":"last_match","trade_id":194460707,"maker_order_id":"c759740b-cc09-49a6-a1d7-48d1e23974ef","taker_order_id":"1048f272-5599-4f90-a3b3-9c04ed6f8902","side":"sell","size":"0.00030161","price":"32110.51","product_id":"BTC-USD","sequence":27457387472,"time":"2021-07-16T16:25:59.192171Z"}
ETH-BTC  0.060010
BTC-USD  32119.670000
BTC-USD  29827.131907
BTC-USD  10825.981621
BTC-USD  5185.191561
BTC-USD  26718.041075
BTC-USD  304.414515
ETH-USD  1927.280000
ETH-USD  150.594946
ETH-USD  28.996150
BTC-USD  19087.384411
BTC-USD  5638.693540
ETH-USD  10.148814
BTC-USD  2177.900502
BTC-USD  360.487171
BTC-USD  3172.110689
ETH-USD  44.364715
BTC-USD  2010.267889
ETH-USD  16.388948
BTC-USD  120.062805
BTC-USD  245.888617
BTC-USD  35.013984
BTC-USD  356.234182
BTC-USD  153.174335
ETH-USD  5.943216
BTC-USD  64.653859
BTC-USD  147.925141
BTC-USD  34.111440
BTC-USD  501.482205
BTC-USD  102.787967
ETH-USD  0.637508
BTC-USD  406.749010
ETH-USD  0.837091
BTC-USD  226.773238
BTC-USD  129.713359
BTC-USD  369.756478
BTC-USD  106.732619
BTC-USD  249.227290
BTC-USD  140.737495
ETH-USD  8.243401
ETH-USD  19.744170
ETH-USD  2.662014
ETH-USD  11.629397
ETH-USD  13.156008
ETH-USD  77.843584
ETH-USD  8.039890
ETH-USD  16.814343
ETH-USD  35.487169
ETH-USD  3.970707
ETH-USD  0.342534
BTC-USD  195.210737
BTC-USD  6.030461
BTC-USD  69.184638
BTC-USD  42.816673
BTC-USD  247.240294
BTC-USD  141.718193
BTC-USD  10.296761
BTC-USD  12.559041
BTC-USD  9.136435
BTC-USD  0.794712
BTC-USD  0.048472
BTC-USD  0.040948
BTC-USD  7.571043
BTC-USD  7.216480
BTC-USD  4.235490
BTC-USD  4.053166
BTC-USD  3.885370
ETH-USD  5.556776
BTC-USD  61.252345
BTC-USD  251.904363
BTC-USD  244.038662
BTC-USD  10.253941
BTC-USD  3.151007
BTC-USD  2.291156
BTC-USD  117.581832
BTC-USD  5.895324
ETH-USD  0.515598
BTC-USD  2.003707
BTC-USD  1.916500
BTC-USD  46.820120
BTC-USD  35.776105
BTC-USD  5.128159
BTC-USD  3.564595
BTC-USD  106.641826
BTC-USD  245.831807
BTC-USD  2.012339
BTC-USD  46.350658
BTC-USD  1.293481
BTC-USD  6.631555
BTC-USD  14.868604
BTC-USD  47.644924
BTC-USD  26.644328
BTC-USD  2.305098
BTC-USD  16.955668
BTC-USD  2.164020
BTC-USD  56.725772
BTC-USD  3.067962
BTC-USD  11.720864
BTC-USD  37.265828
BTC-USD  18.293043
BTC-USD  6.993712
BTC-USD  24.480520
BTC-USD  13.048717
BTC-USD  6.706343
BTC-USD  2.365269
BTC-USD  3.445047
BTC-USD  2.231835
BTC-USD  1.085231
BTC-USD  22.832175
BTC-USD  0.099476
BTC-USD  0.067437
BTC-USD  0.080982
BTC-USD  0.095081
BTC-USD  0.051075
BTC-USD  0.122135
BTC-USD  0.088499
BTC-USD  0.068419
BTC-USD  0.066909
BTC-USD  0.043486
BTC-USD  0.010099
BTC-USD  2.868508
BTC-USD  12.066171
BTC-USD  5.184160
BTC-USD  1.789665
BTC-USD  0.085953
BTC-USD  0.046141
BTC-USD  0.070326
BTC-USD  0.936864
ETH-USD  16.437535
BTC-USD  0.813156
BTC-USD  0.375613
BTC-USD  0.040423
BTC-USD  5.781954
ETH-USD  3.036434
ETH-USD  1.762438
ETH-USD  4.247680
BTC-USD  0.085944
BTC-USD  7.871605
BTC-USD  0.043849
ETH-USD  0.431981
BTC-USD  0.539820
ETH-USD  1.950842
ETH-USD  7.016228
ETH-USD  1.028721
BTC-USD  0.191505
BTC-USD  0.002530
BTC-USD  8.867813
BTC-USD  0.674238
BTC-USD  24.169270
BTC-USD  0.054371
BTC-USD  0.003332
ETH-USD  1.300955
ETH-USD  0.302038
ETH-USD  2.487585
ETH-USD  1.378271
BTC-USD  0.225119
ETH-USD  2.598836
ETH-USD  1.247384
ETH-USD  1.820122
ETH-USD  1.889852
ETH-USD  0.020372
ETH-USD  0.033576
ETH-USD  7.385382
ETH-USD  4.545480
BTC-USD  0.001377
BTC-USD  0.012514
BTC-USD  0.001190
BTC-USD  0.012669
BTC-USD  0.094844
ETH-USD  2.935467
BTC-USD  0.001511
BTC-USD  0.017548
BTC-USD  0.004482
BTC-USD  0.021401
ETH-USD  0.081143
ETH-USD  2.695724
BTC-USD  0.298034
ETH-USD  0.801993
ETH-USD  2.483632
ETH-USD  0.552571
BTC-USD  6.979361
BTC-USD  1.171437
BTC-USD  0.798605
BTC-USD  0.012706
BTC-USD  0.044363
...
